2021-07-02 13:35:32.884029 - [Loading and processing training data] ...
<class 'pandas.core.frame.DataFrame'>
RangeIndex: 19869886 entries, 0 to 19869885
Data columns (total 26 columns):
building_id                    uint16
meter                          uint8
site_id                        uint8
primary_use                    uint8
square_feet                    uint32
year_built                     float32
floor_count                    float32
air_temperature                float32
cloud_coverage                 float32
dew_temperature                float32
precip_depth_1_hr              float32
air_temperature_min_lag3       float16
air_temperature_mean_lag3      float16
air_temperature_max_lag3       float16
cloud_coverage_min_lag3        float16
cloud_coverage_mean_lag3       float16
cloud_coverage_max_lag3        float16
dew_temperature_min_lag3       float16
dew_temperature_mean_lag3      float16
dew_temperature_max_lag3       float16
precip_depth_1_hr_min_lag3     float16
precip_depth_1_hr_mean_lag3    float16
precip_depth_1_hr_max_lag3     float16
hour                           uint8
weekday                        uint8
meter_reading                  float32
dtypes: float16(12), float32(7), uint16(1), uint32(1), uint8(5)
memory usage: 1.2 GB
2021-07-02 13:37:20.513425 - [Loading and processing training data] done in 108 s

2021-07-02 13:37:20.513547 - [Saving training data] ...
2021-07-02 13:37:28.624477 - [Saving training data] done in 8 s

2021-07-02 13:37:28.624534 - [Loading and processing test data] ...
<class 'pandas.core.frame.DataFrame'>
Int64Index: 41697600 entries, 0 to 41697599
Data columns (total 26 columns):
row_id                         uint32
building_id                    uint16
meter                          uint8
site_id                        uint8
primary_use                    uint8
square_feet                    uint32
year_built                     float32
floor_count                    float32
air_temperature                float32
cloud_coverage                 float32
dew_temperature                float32
precip_depth_1_hr              float32
air_temperature_min_lag3       float16
air_temperature_mean_lag3      float16
air_temperature_max_lag3       float16
cloud_coverage_min_lag3        float16
cloud_coverage_mean_lag3       float16
cloud_coverage_max_lag3        float16
dew_temperature_min_lag3       float16
dew_temperature_mean_lag3      float16
dew_temperature_max_lag3       float16
precip_depth_1_hr_min_lag3     float16
precip_depth_1_hr_mean_lag3    float16
precip_depth_1_hr_max_lag3     float16
hour                           uint8
weekday                        uint8
dtypes: float16(12), float32(6), uint16(1), uint32(2), uint8(5)
memory usage: 2.8 GB
2021-07-02 13:39:49.010218 - [Loading and processing test data] done in 140 s

2021-07-02 13:39:49.010327 - [Saving test data] ...
2021-07-02 13:40:10.383446 - [Saving test data] done in 21 s

