2021-07-02 13:40:18.114398 - [Loading preprocessed training data] ...
<class 'pandas.core.frame.DataFrame'>
Int64Index: 19869886 entries, 0 to 19869885
Data columns (total 25 columns):
building_id                    uint16
meter                          uint8
site_id                        uint8
primary_use                    uint8
square_feet                    uint32
year_built                     float32
floor_count                    float32
air_temperature                float32
cloud_coverage                 float32
dew_temperature                float32
precip_depth_1_hr              float32
air_temperature_min_lag3       float16
air_temperature_mean_lag3      float16
air_temperature_max_lag3       float16
cloud_coverage_min_lag3        float16
cloud_coverage_mean_lag3       float16
cloud_coverage_max_lag3        float16
dew_temperature_min_lag3       float16
dew_temperature_mean_lag3      float16
dew_temperature_max_lag3       float16
precip_depth_1_hr_min_lag3     float16
precip_depth_1_hr_mean_lag3    float16
precip_depth_1_hr_max_lag3     float16
hour                           uint8
weekday                        uint8
dtypes: float16(12), float32(6), uint16(1), uint32(1), uint8(5)
memory usage: 1.2 GB
2021-07-02 13:40:24.921083 - [Loading preprocessed training data] done in 7 s

2021-07-02 13:40:24.921116 - [Training LightGBM with 3-fold cross-validation] ...
Fold 1
Training until validation scores don't improve for 100 rounds
[200]	training's rmse: 0.7854	valid_1's rmse: 1.11766
Early stopping, best iteration is:
[170]	training's rmse: 0.801017	valid_1's rmse: 1.11758
Fold 1 validation RMSLE: 1.1175837176492427

Fold 2
Training until validation scores don't improve for 100 rounds
[200]	training's rmse: 0.81202	valid_1's rmse: 1.04372
Early stopping, best iteration is:
[188]	training's rmse: 0.81741	valid_1's rmse: 1.04343
Fold 2 validation RMSLE: 1.0434270412080888

Fold 3
Training until validation scores don't improve for 100 rounds
[200]	training's rmse: 0.736617	valid_1's rmse: 1.14745
Early stopping, best iteration is:
[130]	training's rmse: 0.788298	valid_1's rmse: 1.14262
Fold 3 validation RMSLE: 1.1426207562185646

Training completed.
> Mean RMSLE across folds: 1.1012105050252987, std: 0.04211816586000655
> OOF RMSLE: 1.1020156614189023
2021-07-02 14:25:19.630134 - [Training LightGBM with 3-fold cross-validation] done in 2695 s

2021-07-02 14:25:19.636609 - [Saving models] ...
2021-07-02 14:25:21.568352 - [Saving models] done in 2 s

